16:29:52.983 logback [main] INFO  com.example.demo.DemoApplication - Starting DemoApplication using Java 17.0.5 with PID 19268 (D:\個人資料\MyNotes\JavaCode\spring-boot-demo\target\classes started by ChiaMing in D:\個人資料\MyNotes\JavaCode\spring-boot-demo)
16:29:52.986 logback [main] INFO  com.example.demo.DemoApplication - The following 1 profile is active: "dev"
16:29:53.729 logback [main] INFO  o.s.b.w.e.tomcat.TomcatWebServer - Tomcat initialized with port(s): 8888 (http)
16:29:53.737 logback [main] INFO  o.a.coyote.http11.Http11NioProtocol - Initializing ProtocolHandler ["http-nio-8888"]
16:29:53.738 logback [main] INFO  o.a.catalina.core.StandardService - Starting service [Tomcat]
16:29:53.739 logback [main] INFO  o.a.catalina.core.StandardEngine - Starting Servlet engine: [Apache Tomcat/10.1.4]
16:29:53.806 logback [main] INFO  o.a.c.c.C.[Tomcat].[localhost].[/] - Initializing Spring embedded WebApplicationContext
16:29:53.806 logback [main] INFO  o.s.b.w.s.c.ServletWebServerApplicationContext - Root WebApplicationContext: initialization completed in 781 ms
16:29:54.036 logback [main] INFO  o.a.coyote.http11.Http11NioProtocol - Starting ProtocolHandler ["http-nio-8888"]
16:29:54.051 logback [main] INFO  o.s.b.w.e.tomcat.TomcatWebServer - Tomcat started on port(s): 8888 (http) with context path ''
16:29:54.058 logback [main] INFO  com.example.demo.DemoApplication - Started DemoApplication in 1.789 seconds (process running for 2.476)
16:30:46.144 logback [main] INFO  com.example.demo.DemoApplication - Starting DemoApplication using Java 17.0.5 with PID 7824 (D:\個人資料\MyNotes\JavaCode\spring-boot-demo\target\classes started by ChiaMing in D:\個人資料\MyNotes\JavaCode\spring-boot-demo)
16:30:46.146 logback [main] INFO  com.example.demo.DemoApplication - The following 1 profile is active: "dev"
16:30:46.776 logback [main] INFO  o.s.b.w.e.tomcat.TomcatWebServer - Tomcat initialized with port(s): 8888 (http)
16:30:46.781 logback [main] INFO  o.a.coyote.http11.Http11NioProtocol - Initializing ProtocolHandler ["http-nio-8888"]
16:30:46.782 logback [main] INFO  o.a.catalina.core.StandardService - Starting service [Tomcat]
16:30:46.782 logback [main] INFO  o.a.catalina.core.StandardEngine - Starting Servlet engine: [Apache Tomcat/10.1.4]
16:30:46.849 logback [main] INFO  o.a.c.c.C.[Tomcat].[localhost].[/] - Initializing Spring embedded WebApplicationContext
16:30:46.849 logback [main] INFO  o.s.b.w.s.c.ServletWebServerApplicationContext - Root WebApplicationContext: initialization completed in 667 ms
16:30:47.131 logback [main] INFO  o.a.coyote.http11.Http11NioProtocol - Starting ProtocolHandler ["http-nio-8888"]
16:30:47.144 logback [main] INFO  o.s.b.w.e.tomcat.TomcatWebServer - Tomcat started on port(s): 8888 (http) with context path ''
16:30:47.150 logback [main] INFO  com.example.demo.DemoApplication - Started DemoApplication in 1.344 seconds (process running for 1.778)
16:30:48.516 logback [http-nio-8888-exec-1] INFO  o.a.c.c.C.[Tomcat].[localhost].[/] - Initializing Spring DispatcherServlet 'dispatcherServlet'
16:30:48.516 logback [http-nio-8888-exec-1] INFO  o.s.web.servlet.DispatcherServlet - Initializing Servlet 'dispatcherServlet'
16:30:48.517 logback [http-nio-8888-exec-1] INFO  o.s.web.servlet.DispatcherServlet - Completed initialization in 1 ms
16:39:20.971 logback [main] INFO  com.example.demo.DemoApplication - Starting DemoApplication using Java 17.0.5 with PID 14492 (D:\個人資料\MyNotes\JavaCode\spring-boot-demo\target\classes started by ChiaMing in D:\個人資料\MyNotes\JavaCode\spring-boot-demo)
16:39:20.973 logback [main] INFO  com.example.demo.DemoApplication - The following 1 profile is active: "dev"
16:39:21.525 logback [main] INFO  o.s.b.w.e.tomcat.TomcatWebServer - Tomcat initialized with port(s): 8888 (http)
16:39:21.531 logback [main] INFO  o.a.coyote.http11.Http11NioProtocol - Initializing ProtocolHandler ["http-nio-8888"]
16:39:21.531 logback [main] INFO  o.a.catalina.core.StandardService - Starting service [Tomcat]
16:39:21.531 logback [main] INFO  o.a.catalina.core.StandardEngine - Starting Servlet engine: [Apache Tomcat/10.1.4]
16:39:21.592 logback [main] INFO  o.a.c.c.C.[Tomcat].[localhost].[/] - Initializing Spring embedded WebApplicationContext
16:39:21.592 logback [main] INFO  o.s.b.w.s.c.ServletWebServerApplicationContext - Root WebApplicationContext: initialization completed in 588 ms
16:39:21.808 logback [main] INFO  o.a.coyote.http11.Http11NioProtocol - Starting ProtocolHandler ["http-nio-8888"]
16:39:21.823 logback [main] INFO  o.s.b.w.e.tomcat.TomcatWebServer - Tomcat started on port(s): 8888 (http) with context path ''
16:39:21.829 logback [main] INFO  com.example.demo.DemoApplication - Started DemoApplication in 1.2 seconds (process running for 1.626)
16:39:34.254 logback [http-nio-8888-exec-2] INFO  o.a.c.c.C.[Tomcat].[localhost].[/] - Initializing Spring DispatcherServlet 'dispatcherServlet'
16:39:34.254 logback [http-nio-8888-exec-2] INFO  o.s.web.servlet.DispatcherServlet - Initializing Servlet 'dispatcherServlet'
16:39:34.255 logback [http-nio-8888-exec-2] INFO  o.s.web.servlet.DispatcherServlet - Completed initialization in 0 ms
16:41:29.773 logback [main] INFO  com.example.demo.DemoApplication - Starting DemoApplication using Java 17.0.5 with PID 28924 (D:\個人資料\MyNotes\JavaCode\spring-boot-demo\target\classes started by ChiaMing in D:\個人資料\MyNotes\JavaCode\spring-boot-demo)
16:41:29.774 logback [main] INFO  com.example.demo.DemoApplication - The following 1 profile is active: "dev"
16:41:30.307 logback [main] INFO  o.s.b.w.e.tomcat.TomcatWebServer - Tomcat initialized with port(s): 8888 (http)
16:41:30.313 logback [main] INFO  o.a.coyote.http11.Http11NioProtocol - Initializing ProtocolHandler ["http-nio-8888"]
16:41:30.313 logback [main] INFO  o.a.catalina.core.StandardService - Starting service [Tomcat]
16:41:30.314 logback [main] INFO  o.a.catalina.core.StandardEngine - Starting Servlet engine: [Apache Tomcat/10.1.4]
16:41:30.375 logback [main] INFO  o.a.c.c.C.[Tomcat].[localhost].[/] - Initializing Spring embedded WebApplicationContext
16:41:30.375 logback [main] INFO  o.s.b.w.s.c.ServletWebServerApplicationContext - Root WebApplicationContext: initialization completed in 568 ms
16:41:30.592 logback [main] INFO  o.a.coyote.http11.Http11NioProtocol - Starting ProtocolHandler ["http-nio-8888"]
16:41:30.608 logback [main] INFO  o.s.b.w.e.tomcat.TomcatWebServer - Tomcat started on port(s): 8888 (http) with context path ''
16:41:30.614 logback [main] INFO  com.example.demo.DemoApplication - Started DemoApplication in 1.2 seconds (process running for 1.614)
16:41:37.389 logback [http-nio-8888-exec-1] INFO  o.a.c.c.C.[Tomcat].[localhost].[/] - Initializing Spring DispatcherServlet 'dispatcherServlet'
16:41:37.389 logback [http-nio-8888-exec-1] INFO  o.s.web.servlet.DispatcherServlet - Initializing Servlet 'dispatcherServlet'
16:41:37.390 logback [http-nio-8888-exec-1] INFO  o.s.web.servlet.DispatcherServlet - Completed initialization in 1 ms
16:43:23.920 logback [main] INFO  com.example.demo.DemoApplication - Starting DemoApplication using Java 17.0.5 with PID 23404 (D:\個人資料\MyNotes\JavaCode\spring-boot-demo\target\classes started by ChiaMing in D:\個人資料\MyNotes\JavaCode\spring-boot-demo)
16:43:23.922 logback [main] INFO  com.example.demo.DemoApplication - The following 1 profile is active: "dev"
16:43:24.510 logback [main] INFO  o.s.b.w.e.tomcat.TomcatWebServer - Tomcat initialized with port(s): 8888 (http)
16:43:24.516 logback [main] INFO  o.a.coyote.http11.Http11NioProtocol - Initializing ProtocolHandler ["http-nio-8888"]
16:43:24.517 logback [main] INFO  o.a.catalina.core.StandardService - Starting service [Tomcat]
16:43:24.517 logback [main] INFO  o.a.catalina.core.StandardEngine - Starting Servlet engine: [Apache Tomcat/10.1.4]
16:43:24.576 logback [main] INFO  o.a.c.c.C.[Tomcat].[localhost].[/] - Initializing Spring embedded WebApplicationContext
16:43:24.576 logback [main] INFO  o.s.b.w.s.c.ServletWebServerApplicationContext - Root WebApplicationContext: initialization completed in 617 ms
16:43:24.810 logback [main] INFO  o.a.coyote.http11.Http11NioProtocol - Starting ProtocolHandler ["http-nio-8888"]
16:43:24.823 logback [main] INFO  o.s.b.w.e.tomcat.TomcatWebServer - Tomcat started on port(s): 8888 (http) with context path ''
16:43:24.829 logback [main] INFO  com.example.demo.DemoApplication - Started DemoApplication in 1.315 seconds (process running for 1.824)
16:43:34.659 logback [http-nio-8888-exec-1] INFO  o.a.c.c.C.[Tomcat].[localhost].[/] - Initializing Spring DispatcherServlet 'dispatcherServlet'
16:43:34.659 logback [http-nio-8888-exec-1] INFO  o.s.web.servlet.DispatcherServlet - Initializing Servlet 'dispatcherServlet'
16:43:34.660 logback [http-nio-8888-exec-1] INFO  o.s.web.servlet.DispatcherServlet - Completed initialization in 0 ms
16:47:56.783 logback [main] INFO  com.example.demo.DemoApplication - Starting DemoApplication using Java 17.0.5 with PID 29464 (D:\個人資料\MyNotes\JavaCode\spring-boot-demo\target\classes started by ChiaMing in D:\個人資料\MyNotes\JavaCode\spring-boot-demo)
16:47:56.784 logback [main] INFO  com.example.demo.DemoApplication - The following 1 profile is active: "dev"
16:47:57.341 logback [main] INFO  o.s.b.w.e.tomcat.TomcatWebServer - Tomcat initialized with port(s): 8888 (http)
16:47:57.346 logback [main] INFO  o.a.coyote.http11.Http11NioProtocol - Initializing ProtocolHandler ["http-nio-8888"]
16:47:57.347 logback [main] INFO  o.a.catalina.core.StandardService - Starting service [Tomcat]
16:47:57.348 logback [main] INFO  o.a.catalina.core.StandardEngine - Starting Servlet engine: [Apache Tomcat/10.1.4]
16:47:57.410 logback [main] INFO  o.a.c.c.C.[Tomcat].[localhost].[/] - Initializing Spring embedded WebApplicationContext
16:47:57.411 logback [main] INFO  o.s.b.w.s.c.ServletWebServerApplicationContext - Root WebApplicationContext: initialization completed in 591 ms
16:47:57.633 logback [main] INFO  o.a.coyote.http11.Http11NioProtocol - Starting ProtocolHandler ["http-nio-8888"]
16:47:57.646 logback [main] INFO  o.s.b.w.e.tomcat.TomcatWebServer - Tomcat started on port(s): 8888 (http) with context path ''
16:47:57.652 logback [main] INFO  com.example.demo.DemoApplication - Started DemoApplication in 1.232 seconds (process running for 1.706)
16:52:50.918 logback [main] INFO  com.example.demo.DemoApplication - Starting DemoApplication using Java 17.0.5 with PID 23772 (D:\個人資料\MyNotes\JavaCode\spring-boot-demo\target\classes started by ChiaMing in D:\個人資料\MyNotes\JavaCode\spring-boot-demo)
16:52:50.919 logback [main] INFO  com.example.demo.DemoApplication - The following 1 profile is active: "dev"
16:52:51.462 logback [main] INFO  o.s.b.w.e.tomcat.TomcatWebServer - Tomcat initialized with port(s): 8888 (http)
16:52:51.468 logback [main] INFO  o.a.coyote.http11.Http11NioProtocol - Initializing ProtocolHandler ["http-nio-8888"]
16:52:51.468 logback [main] INFO  o.a.catalina.core.StandardService - Starting service [Tomcat]
16:52:51.469 logback [main] INFO  o.a.catalina.core.StandardEngine - Starting Servlet engine: [Apache Tomcat/10.1.4]
16:52:51.530 logback [main] INFO  o.a.c.c.C.[Tomcat].[localhost].[/] - Initializing Spring embedded WebApplicationContext
16:52:51.530 logback [main] INFO  o.s.b.w.s.c.ServletWebServerApplicationContext - Root WebApplicationContext: initialization completed in 580 ms
16:52:51.741 logback [main] INFO  o.a.coyote.http11.Http11NioProtocol - Starting ProtocolHandler ["http-nio-8888"]
16:52:51.755 logback [main] INFO  o.s.b.w.e.tomcat.TomcatWebServer - Tomcat started on port(s): 8888 (http) with context path ''
16:52:51.761 logback [main] INFO  com.example.demo.DemoApplication - Started DemoApplication in 1.189 seconds (process running for 1.609)
17:13:24.405 logback [main] INFO  com.example.demo.DemoApplication - Starting DemoApplication using Java 17.0.5 with PID 17184 (D:\個人資料\MyNotes\JavaCode\spring-boot-demo\target\classes started by ChiaMing in D:\個人資料\MyNotes\JavaCode\spring-boot-demo)
17:13:24.406 logback [main] INFO  com.example.demo.DemoApplication - The following 1 profile is active: "dev"
17:13:24.980 logback [main] INFO  o.s.b.w.e.tomcat.TomcatWebServer - Tomcat initialized with port(s): 8888 (http)
17:13:24.986 logback [main] INFO  o.a.coyote.http11.Http11NioProtocol - Initializing ProtocolHandler ["http-nio-8888"]
17:13:24.986 logback [main] INFO  o.a.catalina.core.StandardService - Starting service [Tomcat]
17:13:24.987 logback [main] INFO  o.a.catalina.core.StandardEngine - Starting Servlet engine: [Apache Tomcat/10.1.4]
17:13:25.048 logback [main] INFO  o.a.c.c.C.[Tomcat].[localhost].[/] - Initializing Spring embedded WebApplicationContext
17:13:25.048 logback [main] INFO  o.s.b.w.s.c.ServletWebServerApplicationContext - Root WebApplicationContext: initialization completed in 609 ms
17:13:25.267 logback [main] INFO  o.a.coyote.http11.Http11NioProtocol - Starting ProtocolHandler ["http-nio-8888"]
17:13:25.279 logback [main] INFO  o.s.b.w.e.tomcat.TomcatWebServer - Tomcat started on port(s): 8888 (http) with context path ''
17:13:25.285 logback [main] INFO  com.example.demo.DemoApplication - Started DemoApplication in 1.241 seconds (process running for 1.703)
17:20:23.178 logback [main] INFO  com.example.demo.DemoApplication - Starting DemoApplication using Java 17.0.5 with PID 18280 (D:\個人資料\MyNotes\JavaCode\spring-boot-demo\target\classes started by ChiaMing in D:\個人資料\MyNotes\JavaCode\spring-boot-demo)
17:20:23.180 logback [main] INFO  com.example.demo.DemoApplication - The following 1 profile is active: "dev"
17:20:23.709 logback [main] INFO  o.s.b.w.e.tomcat.TomcatWebServer - Tomcat initialized with port(s): 8888 (http)
17:20:23.714 logback [main] INFO  o.a.coyote.http11.Http11NioProtocol - Initializing ProtocolHandler ["http-nio-8888"]
17:20:23.714 logback [main] INFO  o.a.catalina.core.StandardService - Starting service [Tomcat]
17:20:23.715 logback [main] INFO  o.a.catalina.core.StandardEngine - Starting Servlet engine: [Apache Tomcat/10.1.4]
17:20:23.776 logback [main] INFO  o.a.c.c.C.[Tomcat].[localhost].[/] - Initializing Spring embedded WebApplicationContext
17:20:23.777 logback [main] INFO  o.s.b.w.s.c.ServletWebServerApplicationContext - Root WebApplicationContext: initialization completed in 566 ms
17:20:23.997 logback [main] INFO  o.a.coyote.http11.Http11NioProtocol - Starting ProtocolHandler ["http-nio-8888"]
17:20:24.009 logback [main] INFO  o.s.b.w.e.tomcat.TomcatWebServer - Tomcat started on port(s): 8888 (http) with context path ''
17:20:24.015 logback [main] INFO  com.example.demo.DemoApplication - Started DemoApplication in 1.182 seconds (process running for 1.598)
17:20:50.943 logback [main] INFO  com.example.demo.DemoApplication - Starting DemoApplication using Java 17.0.5 with PID 26932 (D:\個人資料\MyNotes\JavaCode\spring-boot-demo\target\classes started by ChiaMing in D:\個人資料\MyNotes\JavaCode\spring-boot-demo)
17:20:50.945 logback [main] INFO  com.example.demo.DemoApplication - The following 1 profile is active: "dev"
17:20:51.485 logback [main] INFO  o.s.b.w.e.tomcat.TomcatWebServer - Tomcat initialized with port(s): 8888 (http)
17:20:51.490 logback [main] INFO  o.a.coyote.http11.Http11NioProtocol - Initializing ProtocolHandler ["http-nio-8888"]
17:20:51.491 logback [main] INFO  o.a.catalina.core.StandardService - Starting service [Tomcat]
17:20:51.492 logback [main] INFO  o.a.catalina.core.StandardEngine - Starting Servlet engine: [Apache Tomcat/10.1.4]
17:20:51.554 logback [main] INFO  o.a.c.c.C.[Tomcat].[localhost].[/] - Initializing Spring embedded WebApplicationContext
17:20:51.555 logback [main] INFO  o.s.b.w.s.c.ServletWebServerApplicationContext - Root WebApplicationContext: initialization completed in 576 ms
17:20:51.769 logback [main] INFO  o.a.coyote.http11.Http11NioProtocol - Starting ProtocolHandler ["http-nio-8888"]
17:20:51.782 logback [main] INFO  o.s.b.w.e.tomcat.TomcatWebServer - Tomcat started on port(s): 8888 (http) with context path ''
17:20:51.787 logback [main] INFO  com.example.demo.DemoApplication - Started DemoApplication in 1.232 seconds (process running for 1.668)
17:21:26.271 logback [main] INFO  com.example.demo.DemoApplication - Starting DemoApplication using Java 17.0.5 with PID 24444 (D:\個人資料\MyNotes\JavaCode\spring-boot-demo\target\classes started by ChiaMing in D:\個人資料\MyNotes\JavaCode\spring-boot-demo)
17:21:26.273 logback [main] INFO  com.example.demo.DemoApplication - The following 1 profile is active: "dev"
17:21:26.840 logback [main] INFO  o.s.b.w.e.tomcat.TomcatWebServer - Tomcat initialized with port(s): 8888 (http)
17:21:26.847 logback [main] INFO  o.a.coyote.http11.Http11NioProtocol - Initializing ProtocolHandler ["http-nio-8888"]
17:21:26.848 logback [main] INFO  o.a.catalina.core.StandardService - Starting service [Tomcat]
17:21:26.849 logback [main] INFO  o.a.catalina.core.StandardEngine - Starting Servlet engine: [Apache Tomcat/10.1.4]
17:21:26.912 logback [main] INFO  o.a.c.c.C.[Tomcat].[localhost].[/] - Initializing Spring embedded WebApplicationContext
17:21:26.912 logback [main] INFO  o.s.b.w.s.c.ServletWebServerApplicationContext - Root WebApplicationContext: initialization completed in 605 ms
17:21:27.133 logback [main] INFO  o.a.coyote.http11.Http11NioProtocol - Starting ProtocolHandler ["http-nio-8888"]
17:21:27.146 logback [main] INFO  o.s.b.w.e.tomcat.TomcatWebServer - Tomcat started on port(s): 8888 (http) with context path ''
17:21:27.155 logback [main] INFO  com.example.demo.DemoApplication - Started DemoApplication in 1.274 seconds (process running for 1.747)
17:21:34.516 logback [main] INFO  com.example.demo.DemoApplication - Starting DemoApplication using Java 17.0.5 with PID 10532 (D:\個人資料\MyNotes\JavaCode\spring-boot-demo\target\classes started by ChiaMing in D:\個人資料\MyNotes\JavaCode\spring-boot-demo)
17:21:34.518 logback [main] INFO  com.example.demo.DemoApplication - The following 1 profile is active: "dev"
17:21:35.080 logback [main] INFO  o.s.b.w.e.tomcat.TomcatWebServer - Tomcat initialized with port(s): 8888 (http)
17:21:35.086 logback [main] INFO  o.a.coyote.http11.Http11NioProtocol - Initializing ProtocolHandler ["http-nio-8888"]
17:21:35.087 logback [main] INFO  o.a.catalina.core.StandardService - Starting service [Tomcat]
17:21:35.087 logback [main] INFO  o.a.catalina.core.StandardEngine - Starting Servlet engine: [Apache Tomcat/10.1.4]
17:21:35.150 logback [main] INFO  o.a.c.c.C.[Tomcat].[localhost].[/] - Initializing Spring embedded WebApplicationContext
17:21:35.150 logback [main] INFO  o.s.b.w.s.c.ServletWebServerApplicationContext - Root WebApplicationContext: initialization completed in 599 ms
17:21:35.386 logback [main] INFO  o.a.coyote.http11.Http11NioProtocol - Starting ProtocolHandler ["http-nio-8888"]
17:21:35.401 logback [main] INFO  o.s.b.w.e.tomcat.TomcatWebServer - Tomcat started on port(s): 8888 (http) with context path ''
17:21:35.407 logback [main] INFO  com.example.demo.DemoApplication - Started DemoApplication in 1.289 seconds (process running for 1.78)
17:23:05.207 logback [main] INFO  com.example.demo.DemoApplication - Starting DemoApplication using Java 17.0.5 with PID 24412 (D:\個人資料\MyNotes\JavaCode\spring-boot-demo\target\classes started by ChiaMing in D:\個人資料\MyNotes\JavaCode\spring-boot-demo)
17:23:05.209 logback [main] INFO  com.example.demo.DemoApplication - The following 1 profile is active: "dev"
17:23:05.766 logback [main] WARN  o.s.b.w.s.c.AnnotationConfigServletWebServerApplicationContext - Exception encountered during context initialization - cancelling refresh attempt: org.springframework.context.ApplicationContextException: Unable to start web server
17:23:05.773 logback [main] INFO  o.s.b.a.l.ConditionEvaluationReportLogger - 

Error starting ApplicationContext. To display the condition evaluation report re-run your application with 'debug' enabled.
17:23:05.786 logback [main] ERROR o.s.boot.SpringApplication - Application run failed
org.springframework.context.ApplicationContextException: Unable to start web server
	at org.springframework.boot.web.servlet.context.ServletWebServerApplicationContext.onRefresh(ServletWebServerApplicationContext.java:164)
	at org.springframework.context.support.AbstractApplicationContext.refresh(AbstractApplicationContext.java:578)
	at org.springframework.boot.web.servlet.context.ServletWebServerApplicationContext.refresh(ServletWebServerApplicationContext.java:146)
	at org.springframework.boot.SpringApplication.refresh(SpringApplication.java:730)
	at org.springframework.boot.SpringApplication.refreshContext(SpringApplication.java:432)
	at org.springframework.boot.SpringApplication.run(SpringApplication.java:308)
	at org.springframework.boot.SpringApplication.run(SpringApplication.java:1302)
	at org.springframework.boot.SpringApplication.run(SpringApplication.java:1291)
	at com.example.demo.DemoApplication.main(DemoApplication.java:16)
Caused by: java.lang.NoClassDefFoundError: jakarta/servlet/http/HttpSessionContext
	at java.base/java.lang.ClassLoader.defineClass1(Native Method)
	at java.base/java.lang.ClassLoader.defineClass(ClassLoader.java:1012)
	at java.base/java.security.SecureClassLoader.defineClass(SecureClassLoader.java:150)
	at java.base/jdk.internal.loader.BuiltinClassLoader.defineClass(BuiltinClassLoader.java:862)
	at java.base/jdk.internal.loader.BuiltinClassLoader.findClassOnClassPathOrNull(BuiltinClassLoader.java:760)
	at java.base/jdk.internal.loader.BuiltinClassLoader.loadClassOrNull(BuiltinClassLoader.java:681)
	at java.base/jdk.internal.loader.BuiltinClassLoader.loadClass(BuiltinClassLoader.java:639)
	at java.base/jdk.internal.loader.ClassLoaders$AppClassLoader.loadClass(ClassLoaders.java:188)
	at java.base/java.lang.ClassLoader.loadClass(ClassLoader.java:520)
	at org.eclipse.jetty.server.session.SessionHandler.<clinit>(SessionHandler.java:136)
	at org.eclipse.jetty.servlet.ServletContextHandler.newSessionHandler(ServletContextHandler.java:339)
	at org.eclipse.jetty.servlet.ServletContextHandler.getSessionHandler(ServletContextHandler.java:432)
	at org.eclipse.jetty.servlet.ServletContextHandler.relinkHandlers(ServletContextHandler.java:257)
	at org.eclipse.jetty.servlet.ServletContextHandler.<init>(ServletContextHandler.java:180)
	at org.eclipse.jetty.webapp.WebAppContext.<init>(WebAppContext.java:301)
	at org.eclipse.jetty.webapp.WebAppContext.<init>(WebAppContext.java:228)
	at org.springframework.boot.web.embedded.jetty.JettyEmbeddedWebAppContext.<init>(JettyEmbeddedWebAppContext.java:28)
	at org.springframework.boot.web.embedded.jetty.JettyServletWebServerFactory.getWebServer(JettyServletWebServerFactory.java:158)
	at org.springframework.boot.web.servlet.context.ServletWebServerApplicationContext.createWebServer(ServletWebServerApplicationContext.java:183)
	at org.springframework.boot.web.servlet.context.ServletWebServerApplicationContext.onRefresh(ServletWebServerApplicationContext.java:161)
	... 8 common frames omitted
Caused by: java.lang.ClassNotFoundException: jakarta.servlet.http.HttpSessionContext
	at java.base/jdk.internal.loader.BuiltinClassLoader.loadClass(BuiltinClassLoader.java:641)
	at java.base/jdk.internal.loader.ClassLoaders$AppClassLoader.loadClass(ClassLoaders.java:188)
	at java.base/java.lang.ClassLoader.loadClass(ClassLoader.java:520)
	... 28 common frames omitted
17:23:18.764 logback [main] INFO  com.example.demo.DemoApplication - Starting DemoApplication using Java 17.0.5 with PID 20016 (D:\個人資料\MyNotes\JavaCode\spring-boot-demo\target\classes started by ChiaMing in D:\個人資料\MyNotes\JavaCode\spring-boot-demo)
17:23:18.766 logback [main] INFO  com.example.demo.DemoApplication - The following 1 profile is active: "dev"
17:23:19.325 logback [main] WARN  o.s.b.w.s.c.AnnotationConfigServletWebServerApplicationContext - Exception encountered during context initialization - cancelling refresh attempt: org.springframework.context.ApplicationContextException: Unable to start web server
17:23:19.331 logback [main] INFO  o.s.b.a.l.ConditionEvaluationReportLogger - 

Error starting ApplicationContext. To display the condition evaluation report re-run your application with 'debug' enabled.
17:23:19.344 logback [main] ERROR o.s.boot.SpringApplication - Application run failed
org.springframework.context.ApplicationContextException: Unable to start web server
	at org.springframework.boot.web.servlet.context.ServletWebServerApplicationContext.onRefresh(ServletWebServerApplicationContext.java:164)
	at org.springframework.context.support.AbstractApplicationContext.refresh(AbstractApplicationContext.java:578)
	at org.springframework.boot.web.servlet.context.ServletWebServerApplicationContext.refresh(ServletWebServerApplicationContext.java:146)
	at org.springframework.boot.SpringApplication.refresh(SpringApplication.java:730)
	at org.springframework.boot.SpringApplication.refreshContext(SpringApplication.java:432)
	at org.springframework.boot.SpringApplication.run(SpringApplication.java:308)
	at org.springframework.boot.SpringApplication.run(SpringApplication.java:1302)
	at org.springframework.boot.SpringApplication.run(SpringApplication.java:1291)
	at com.example.demo.DemoApplication.main(DemoApplication.java:16)
Caused by: java.lang.NoClassDefFoundError: jakarta/servlet/http/HttpSessionContext
	at java.base/java.lang.ClassLoader.defineClass1(Native Method)
	at java.base/java.lang.ClassLoader.defineClass(ClassLoader.java:1012)
	at java.base/java.security.SecureClassLoader.defineClass(SecureClassLoader.java:150)
	at java.base/jdk.internal.loader.BuiltinClassLoader.defineClass(BuiltinClassLoader.java:862)
	at java.base/jdk.internal.loader.BuiltinClassLoader.findClassOnClassPathOrNull(BuiltinClassLoader.java:760)
	at java.base/jdk.internal.loader.BuiltinClassLoader.loadClassOrNull(BuiltinClassLoader.java:681)
	at java.base/jdk.internal.loader.BuiltinClassLoader.loadClass(BuiltinClassLoader.java:639)
	at java.base/jdk.internal.loader.ClassLoaders$AppClassLoader.loadClass(ClassLoaders.java:188)
	at java.base/java.lang.ClassLoader.loadClass(ClassLoader.java:520)
	at org.eclipse.jetty.server.session.SessionHandler.<clinit>(SessionHandler.java:136)
	at org.eclipse.jetty.servlet.ServletContextHandler.newSessionHandler(ServletContextHandler.java:339)
	at org.eclipse.jetty.servlet.ServletContextHandler.getSessionHandler(ServletContextHandler.java:432)
	at org.eclipse.jetty.servlet.ServletContextHandler.relinkHandlers(ServletContextHandler.java:257)
	at org.eclipse.jetty.servlet.ServletContextHandler.<init>(ServletContextHandler.java:180)
	at org.eclipse.jetty.webapp.WebAppContext.<init>(WebAppContext.java:301)
	at org.eclipse.jetty.webapp.WebAppContext.<init>(WebAppContext.java:228)
	at org.springframework.boot.web.embedded.jetty.JettyEmbeddedWebAppContext.<init>(JettyEmbeddedWebAppContext.java:28)
	at org.springframework.boot.web.embedded.jetty.JettyServletWebServerFactory.getWebServer(JettyServletWebServerFactory.java:158)
	at org.springframework.boot.web.servlet.context.ServletWebServerApplicationContext.createWebServer(ServletWebServerApplicationContext.java:183)
	at org.springframework.boot.web.servlet.context.ServletWebServerApplicationContext.onRefresh(ServletWebServerApplicationContext.java:161)
	... 8 common frames omitted
Caused by: java.lang.ClassNotFoundException: jakarta.servlet.http.HttpSessionContext
	at java.base/jdk.internal.loader.BuiltinClassLoader.loadClass(BuiltinClassLoader.java:641)
	at java.base/jdk.internal.loader.ClassLoaders$AppClassLoader.loadClass(ClassLoaders.java:188)
	at java.base/java.lang.ClassLoader.loadClass(ClassLoader.java:520)
	... 28 common frames omitted
17:24:07.733 logback [main] ERROR o.s.boot.SpringApplication - Application run failed
java.lang.IllegalStateException: java.lang.IllegalStateException: Logback configuration error detected: 
ERROR in ch.qos.logback.classic.PatternLayout("null") - Empty or null pattern.
	at org.springframework.boot.context.logging.LoggingApplicationListener.initializeSystem(LoggingApplicationListener.java:347)
	at org.springframework.boot.context.logging.LoggingApplicationListener.initialize(LoggingApplicationListener.java:298)
	at org.springframework.boot.context.logging.LoggingApplicationListener.onApplicationEnvironmentPreparedEvent(LoggingApplicationListener.java:246)
	at org.springframework.boot.context.logging.LoggingApplicationListener.onApplicationEvent(LoggingApplicationListener.java:223)
	at org.springframework.context.event.SimpleApplicationEventMulticaster.doInvokeListener(SimpleApplicationEventMulticaster.java:176)
	at org.springframework.context.event.SimpleApplicationEventMulticaster.invokeListener(SimpleApplicationEventMulticaster.java:169)
	at org.springframework.context.event.SimpleApplicationEventMulticaster.multicastEvent(SimpleApplicationEventMulticaster.java:143)
	at org.springframework.context.event.SimpleApplicationEventMulticaster.multicastEvent(SimpleApplicationEventMulticaster.java:131)
	at org.springframework.boot.context.event.EventPublishingRunListener.multicastInitialEvent(EventPublishingRunListener.java:136)
	at org.springframework.boot.context.event.EventPublishingRunListener.environmentPrepared(EventPublishingRunListener.java:81)
	at org.springframework.boot.SpringApplicationRunListeners.lambda$environmentPrepared$2(SpringApplicationRunListeners.java:64)
	at java.base/java.lang.Iterable.forEach(Iterable.java:75)
	at org.springframework.boot.SpringApplicationRunListeners.doWithListeners(SpringApplicationRunListeners.java:118)
	at org.springframework.boot.SpringApplicationRunListeners.doWithListeners(SpringApplicationRunListeners.java:112)
	at org.springframework.boot.SpringApplicationRunListeners.environmentPrepared(SpringApplicationRunListeners.java:63)
	at org.springframework.boot.SpringApplication.prepareEnvironment(SpringApplication.java:352)
	at org.springframework.boot.SpringApplication.run(SpringApplication.java:303)
	at org.springframework.boot.SpringApplication.run(SpringApplication.java:1302)
	at org.springframework.boot.SpringApplication.run(SpringApplication.java:1291)
	at com.example.demo.DemoApplication.main(DemoApplication.java:16)
Caused by: java.lang.IllegalStateException: Logback configuration error detected: 
ERROR in ch.qos.logback.classic.PatternLayout("null") - Empty or null pattern.
	at org.springframework.boot.logging.logback.LogbackLoggingSystem.loadConfiguration(LogbackLoggingSystem.java:253)
	at org.springframework.boot.logging.AbstractLoggingSystem.initializeWithConventions(AbstractLoggingSystem.java:80)
	at org.springframework.boot.logging.AbstractLoggingSystem.initialize(AbstractLoggingSystem.java:60)
	at org.springframework.boot.logging.logback.LogbackLoggingSystem.initialize(LogbackLoggingSystem.java:188)
	at org.springframework.boot.context.logging.LoggingApplicationListener.initializeSystem(LoggingApplicationListener.java:332)
	... 19 common frames omitted
17:27:04.485 logback [main] INFO  com.example.demo.DemoApplication - Starting DemoApplication using Java 17.0.5 with PID 1608 (D:\個人資料\MyNotes\JavaCode\spring-boot-demo\target\classes started by ChiaMing in D:\個人資料\MyNotes\JavaCode\spring-boot-demo)
17:27:04.491 logback [main] INFO  com.example.demo.DemoApplication - The following 1 profile is active: "dev"
17:27:05.009 logback [main] WARN  o.s.b.w.s.c.AnnotationConfigServletWebServerApplicationContext - Exception encountered during context initialization - cancelling refresh attempt: org.springframework.context.ApplicationContextException: Unable to start web server
17:27:05.016 logback [main] INFO  o.s.b.a.l.ConditionEvaluationReportLogger - 

Error starting ApplicationContext. To display the condition evaluation report re-run your application with 'debug' enabled.
17:27:05.028 logback [main] ERROR o.s.boot.SpringApplication - Application run failed
org.springframework.context.ApplicationContextException: Unable to start web server
	at org.springframework.boot.web.servlet.context.ServletWebServerApplicationContext.onRefresh(ServletWebServerApplicationContext.java:164)
	at org.springframework.context.support.AbstractApplicationContext.refresh(AbstractApplicationContext.java:578)
	at org.springframework.boot.web.servlet.context.ServletWebServerApplicationContext.refresh(ServletWebServerApplicationContext.java:146)
	at org.springframework.boot.SpringApplication.refresh(SpringApplication.java:730)
	at org.springframework.boot.SpringApplication.refreshContext(SpringApplication.java:432)
	at org.springframework.boot.SpringApplication.run(SpringApplication.java:308)
	at org.springframework.boot.SpringApplication.run(SpringApplication.java:1302)
	at org.springframework.boot.SpringApplication.run(SpringApplication.java:1291)
	at com.example.demo.DemoApplication.main(DemoApplication.java:16)
Caused by: java.lang.NoClassDefFoundError: jakarta/servlet/http/HttpSessionContext
	at java.base/java.lang.ClassLoader.defineClass1(Native Method)
	at java.base/java.lang.ClassLoader.defineClass(ClassLoader.java:1012)
	at java.base/java.security.SecureClassLoader.defineClass(SecureClassLoader.java:150)
	at java.base/jdk.internal.loader.BuiltinClassLoader.defineClass(BuiltinClassLoader.java:862)
	at java.base/jdk.internal.loader.BuiltinClassLoader.findClassOnClassPathOrNull(BuiltinClassLoader.java:760)
	at java.base/jdk.internal.loader.BuiltinClassLoader.loadClassOrNull(BuiltinClassLoader.java:681)
	at java.base/jdk.internal.loader.BuiltinClassLoader.loadClass(BuiltinClassLoader.java:639)
	at java.base/jdk.internal.loader.ClassLoaders$AppClassLoader.loadClass(ClassLoaders.java:188)
	at java.base/java.lang.ClassLoader.loadClass(ClassLoader.java:520)
	at org.eclipse.jetty.server.session.SessionHandler.<clinit>(SessionHandler.java:136)
	at org.eclipse.jetty.servlet.ServletContextHandler.newSessionHandler(ServletContextHandler.java:339)
	at org.eclipse.jetty.servlet.ServletContextHandler.getSessionHandler(ServletContextHandler.java:432)
	at org.eclipse.jetty.servlet.ServletContextHandler.relinkHandlers(ServletContextHandler.java:257)
	at org.eclipse.jetty.servlet.ServletContextHandler.<init>(ServletContextHandler.java:180)
	at org.eclipse.jetty.webapp.WebAppContext.<init>(WebAppContext.java:301)
	at org.eclipse.jetty.webapp.WebAppContext.<init>(WebAppContext.java:228)
	at org.springframework.boot.web.embedded.jetty.JettyEmbeddedWebAppContext.<init>(JettyEmbeddedWebAppContext.java:28)
	at org.springframework.boot.web.embedded.jetty.JettyServletWebServerFactory.getWebServer(JettyServletWebServerFactory.java:158)
	at org.springframework.boot.web.servlet.context.ServletWebServerApplicationContext.createWebServer(ServletWebServerApplicationContext.java:183)
	at org.springframework.boot.web.servlet.context.ServletWebServerApplicationContext.onRefresh(ServletWebServerApplicationContext.java:161)
	... 8 common frames omitted
Caused by: java.lang.ClassNotFoundException: jakarta.servlet.http.HttpSessionContext
	at java.base/jdk.internal.loader.BuiltinClassLoader.loadClass(BuiltinClassLoader.java:641)
	at java.base/jdk.internal.loader.ClassLoaders$AppClassLoader.loadClass(ClassLoaders.java:188)
	at java.base/java.lang.ClassLoader.loadClass(ClassLoader.java:520)
	... 28 common frames omitted
17:27:59.160 logback [main] INFO  com.example.demo.DemoApplication - Starting DemoApplication using Java 17.0.5 with PID 12820 (D:\個人資料\MyNotes\JavaCode\spring-boot-demo\target\classes started by ChiaMing in D:\個人資料\MyNotes\JavaCode\spring-boot-demo)
17:27:59.162 logback [main] INFO  com.example.demo.DemoApplication - The following 1 profile is active: "dev"
17:27:59.709 logback [main] WARN  o.s.b.w.s.c.AnnotationConfigServletWebServerApplicationContext - Exception encountered during context initialization - cancelling refresh attempt: org.springframework.context.ApplicationContextException: Unable to start web server
17:27:59.715 logback [main] INFO  o.s.b.a.l.ConditionEvaluationReportLogger - 

Error starting ApplicationContext. To display the condition evaluation report re-run your application with 'debug' enabled.
17:27:59.729 logback [main] ERROR o.s.boot.SpringApplication - Application run failed
org.springframework.context.ApplicationContextException: Unable to start web server
	at org.springframework.boot.web.servlet.context.ServletWebServerApplicationContext.onRefresh(ServletWebServerApplicationContext.java:164)
	at org.springframework.context.support.AbstractApplicationContext.refresh(AbstractApplicationContext.java:578)
	at org.springframework.boot.web.servlet.context.ServletWebServerApplicationContext.refresh(ServletWebServerApplicationContext.java:146)
	at org.springframework.boot.SpringApplication.refresh(SpringApplication.java:730)
	at org.springframework.boot.SpringApplication.refreshContext(SpringApplication.java:432)
	at org.springframework.boot.SpringApplication.run(SpringApplication.java:308)
	at org.springframework.boot.SpringApplication.run(SpringApplication.java:1302)
	at org.springframework.boot.SpringApplication.run(SpringApplication.java:1291)
	at com.example.demo.DemoApplication.main(DemoApplication.java:16)
Caused by: java.lang.NoClassDefFoundError: jakarta/servlet/http/HttpSessionContext
	at java.base/java.lang.ClassLoader.defineClass1(Native Method)
	at java.base/java.lang.ClassLoader.defineClass(ClassLoader.java:1012)
	at java.base/java.security.SecureClassLoader.defineClass(SecureClassLoader.java:150)
	at java.base/jdk.internal.loader.BuiltinClassLoader.defineClass(BuiltinClassLoader.java:862)
	at java.base/jdk.internal.loader.BuiltinClassLoader.findClassOnClassPathOrNull(BuiltinClassLoader.java:760)
	at java.base/jdk.internal.loader.BuiltinClassLoader.loadClassOrNull(BuiltinClassLoader.java:681)
	at java.base/jdk.internal.loader.BuiltinClassLoader.loadClass(BuiltinClassLoader.java:639)
	at java.base/jdk.internal.loader.ClassLoaders$AppClassLoader.loadClass(ClassLoaders.java:188)
	at java.base/java.lang.ClassLoader.loadClass(ClassLoader.java:520)
	at org.eclipse.jetty.server.session.SessionHandler.<clinit>(SessionHandler.java:136)
	at org.eclipse.jetty.servlet.ServletContextHandler.newSessionHandler(ServletContextHandler.java:339)
	at org.eclipse.jetty.servlet.ServletContextHandler.getSessionHandler(ServletContextHandler.java:432)
	at org.eclipse.jetty.servlet.ServletContextHandler.relinkHandlers(ServletContextHandler.java:257)
	at org.eclipse.jetty.servlet.ServletContextHandler.<init>(ServletContextHandler.java:180)
	at org.eclipse.jetty.webapp.WebAppContext.<init>(WebAppContext.java:301)
	at org.eclipse.jetty.webapp.WebAppContext.<init>(WebAppContext.java:228)
	at org.springframework.boot.web.embedded.jetty.JettyEmbeddedWebAppContext.<init>(JettyEmbeddedWebAppContext.java:28)
	at org.springframework.boot.web.embedded.jetty.JettyServletWebServerFactory.getWebServer(JettyServletWebServerFactory.java:158)
	at org.springframework.boot.web.servlet.context.ServletWebServerApplicationContext.createWebServer(ServletWebServerApplicationContext.java:183)
	at org.springframework.boot.web.servlet.context.ServletWebServerApplicationContext.onRefresh(ServletWebServerApplicationContext.java:161)
	... 8 common frames omitted
Caused by: java.lang.ClassNotFoundException: jakarta.servlet.http.HttpSessionContext
	at java.base/jdk.internal.loader.BuiltinClassLoader.loadClass(BuiltinClassLoader.java:641)
	at java.base/jdk.internal.loader.ClassLoaders$AppClassLoader.loadClass(ClassLoaders.java:188)
	at java.base/java.lang.ClassLoader.loadClass(ClassLoader.java:520)
	... 28 common frames omitted
17:28:16.569 logback [main] INFO  com.example.demo.DemoApplication - Starting DemoApplication using Java 17.0.5 with PID 15700 (D:\個人資料\MyNotes\JavaCode\spring-boot-demo\target\classes started by ChiaMing in D:\個人資料\MyNotes\JavaCode\spring-boot-demo)
17:28:16.571 logback [main] INFO  com.example.demo.DemoApplication - The following 1 profile is active: "dev"
17:28:17.118 logback [main] WARN  io.undertow.websockets.jsr - UT026010: Buffer pool was not set on WebSocketDeploymentInfo, the default pool will be used
17:28:17.130 logback [main] INFO  io.undertow.servlet - Initializing Spring embedded WebApplicationContext
17:28:17.130 logback [main] INFO  o.s.b.w.s.c.ServletWebServerApplicationContext - Root WebApplicationContext: initialization completed in 527 ms
17:28:17.360 logback [main] INFO  io.undertow - starting server: Undertow - 2.3.2.Final
17:28:17.364 logback [main] INFO  org.xnio - XNIO version 3.8.8.Final
17:28:17.368 logback [main] INFO  org.xnio.nio - XNIO NIO Implementation Version 3.8.8.Final
17:28:17.403 logback [main] INFO  org.jboss.threads - JBoss Threads version 3.5.0.Final
17:28:17.433 logback [main] INFO  o.s.b.w.e.undertow.UndertowWebServer - Undertow started on port(s) 8888 (http)
17:28:17.439 logback [main] INFO  com.example.demo.DemoApplication - Started DemoApplication in 1.24 seconds (process running for 1.69)
17:28:43.026 logback [SpringApplicationShutdownHook] INFO  io.undertow - stopping server: Undertow - 2.3.2.Final
17:28:44.718 logback [main] INFO  com.example.demo.DemoApplication - Starting DemoApplication using Java 17.0.5 with PID 14968 (D:\個人資料\MyNotes\JavaCode\spring-boot-demo\target\classes started by ChiaMing in D:\個人資料\MyNotes\JavaCode\spring-boot-demo)
17:28:44.720 logback [main] INFO  com.example.demo.DemoApplication - The following 1 profile is active: "dev"
17:28:45.256 logback [main] WARN  io.undertow.websockets.jsr - UT026010: Buffer pool was not set on WebSocketDeploymentInfo, the default pool will be used
17:28:45.269 logback [main] INFO  io.undertow.servlet - Initializing Spring embedded WebApplicationContext
17:28:45.269 logback [main] INFO  o.s.b.w.s.c.ServletWebServerApplicationContext - Root WebApplicationContext: initialization completed in 520 ms
17:28:45.504 logback [main] INFO  io.undertow - starting server: Undertow - 2.3.2.Final
17:28:45.508 logback [main] INFO  org.xnio - XNIO version 3.8.8.Final
17:28:45.511 logback [main] INFO  org.xnio.nio - XNIO NIO Implementation Version 3.8.8.Final
17:28:45.547 logback [main] INFO  org.jboss.threads - JBoss Threads version 3.5.0.Final
17:28:45.580 logback [main] INFO  o.s.b.w.e.undertow.UndertowWebServer - Undertow started on port(s) 8888 (http)
17:28:45.586 logback [main] INFO  com.example.demo.DemoApplication - Started DemoApplication in 1.28 seconds (process running for 1.773)
17:28:56.459 logback [SpringApplicationShutdownHook] INFO  io.undertow - stopping server: Undertow - 2.3.2.Final
17:29:01.039 logback [main] INFO  com.example.demo.DemoApplication - Starting DemoApplication using Java 17.0.5 with PID 14292 (D:\個人資料\MyNotes\JavaCode\spring-boot-demo\target\classes started by ChiaMing in D:\個人資料\MyNotes\JavaCode\spring-boot-demo)
17:29:01.041 logback [main] INFO  com.example.demo.DemoApplication - The following 1 profile is active: "dev"
17:29:01.605 logback [main] INFO  o.s.b.w.e.tomcat.TomcatWebServer - Tomcat initialized with port(s): 8888 (http)
17:29:01.610 logback [main] INFO  o.a.coyote.http11.Http11NioProtocol - Initializing ProtocolHandler ["http-nio-8888"]
17:29:01.611 logback [main] INFO  o.a.catalina.core.StandardService - Starting service [Tomcat]
17:29:01.611 logback [main] INFO  o.a.catalina.core.StandardEngine - Starting Servlet engine: [Apache Tomcat/10.1.4]
17:29:01.673 logback [main] INFO  o.a.c.c.C.[Tomcat].[localhost].[/] - Initializing Spring embedded WebApplicationContext
17:29:01.674 logback [main] INFO  o.s.b.w.s.c.ServletWebServerApplicationContext - Root WebApplicationContext: initialization completed in 598 ms
17:29:01.898 logback [main] INFO  o.a.coyote.http11.Http11NioProtocol - Starting ProtocolHandler ["http-nio-8888"]
17:29:01.910 logback [main] INFO  o.s.b.w.e.tomcat.TomcatWebServer - Tomcat started on port(s): 8888 (http) with context path ''
17:29:01.917 logback [main] INFO  com.example.demo.DemoApplication - Started DemoApplication in 1.242 seconds (process running for 1.719)
17:29:28.317 logback [main] INFO  com.example.demo.DemoApplication - Starting DemoApplication using Java 17.0.5 with PID 17740 (D:\個人資料\MyNotes\JavaCode\spring-boot-demo\target\classes started by ChiaMing in D:\個人資料\MyNotes\JavaCode\spring-boot-demo)
17:29:28.319 logback [main] INFO  com.example.demo.DemoApplication - The following 1 profile is active: "dev"
17:29:28.844 logback [main] WARN  io.undertow.websockets.jsr - UT026010: Buffer pool was not set on WebSocketDeploymentInfo, the default pool will be used
17:29:28.856 logback [main] INFO  io.undertow.servlet - Initializing Spring embedded WebApplicationContext
17:29:28.857 logback [main] INFO  o.s.b.w.s.c.ServletWebServerApplicationContext - Root WebApplicationContext: initialization completed in 510 ms
17:29:29.099 logback [main] INFO  io.undertow - starting server: Undertow - 2.3.2.Final
17:29:29.103 logback [main] INFO  org.xnio - XNIO version 3.8.8.Final
17:29:29.107 logback [main] INFO  org.xnio.nio - XNIO NIO Implementation Version 3.8.8.Final
17:29:29.143 logback [main] INFO  org.jboss.threads - JBoss Threads version 3.5.0.Final
17:29:29.173 logback [main] INFO  o.s.b.w.e.undertow.UndertowWebServer - Undertow started on port(s) 8888 (http)
17:29:29.179 logback [main] INFO  com.example.demo.DemoApplication - Started DemoApplication in 1.224 seconds (process running for 1.678)
17:29:48.050 logback [SpringApplicationShutdownHook] INFO  io.undertow - stopping server: Undertow - 2.3.2.Final
17:29:56.125 logback [main] INFO  com.example.demo.DemoApplication - Starting DemoApplication using Java 17.0.5 with PID 25080 (D:\個人資料\MyNotes\JavaCode\spring-boot-demo\target\classes started by ChiaMing in D:\個人資料\MyNotes\JavaCode\spring-boot-demo)
17:29:56.131 logback [main] INFO  com.example.demo.DemoApplication - The following 1 profile is active: "dev"
17:29:56.682 logback [main] WARN  o.s.b.w.s.c.AnnotationConfigServletWebServerApplicationContext - Exception encountered during context initialization - cancelling refresh attempt: org.springframework.context.ApplicationContextException: Unable to start web server
17:29:56.689 logback [main] INFO  o.s.b.a.l.ConditionEvaluationReportLogger - 

Error starting ApplicationContext. To display the condition evaluation report re-run your application with 'debug' enabled.
17:29:56.702 logback [main] ERROR o.s.boot.SpringApplication - Application run failed
org.springframework.context.ApplicationContextException: Unable to start web server
	at org.springframework.boot.web.servlet.context.ServletWebServerApplicationContext.onRefresh(ServletWebServerApplicationContext.java:164)
	at org.springframework.context.support.AbstractApplicationContext.refresh(AbstractApplicationContext.java:578)
	at org.springframework.boot.web.servlet.context.ServletWebServerApplicationContext.refresh(ServletWebServerApplicationContext.java:146)
	at org.springframework.boot.SpringApplication.refresh(SpringApplication.java:730)
	at org.springframework.boot.SpringApplication.refreshContext(SpringApplication.java:432)
	at org.springframework.boot.SpringApplication.run(SpringApplication.java:308)
	at org.springframework.boot.SpringApplication.run(SpringApplication.java:1302)
	at org.springframework.boot.SpringApplication.run(SpringApplication.java:1291)
	at com.example.demo.DemoApplication.main(DemoApplication.java:16)
Caused by: java.lang.NoClassDefFoundError: jakarta/servlet/http/HttpSessionContext
	at java.base/java.lang.ClassLoader.defineClass1(Native Method)
	at java.base/java.lang.ClassLoader.defineClass(ClassLoader.java:1012)
	at java.base/java.security.SecureClassLoader.defineClass(SecureClassLoader.java:150)
	at java.base/jdk.internal.loader.BuiltinClassLoader.defineClass(BuiltinClassLoader.java:862)
	at java.base/jdk.internal.loader.BuiltinClassLoader.findClassOnClassPathOrNull(BuiltinClassLoader.java:760)
	at java.base/jdk.internal.loader.BuiltinClassLoader.loadClassOrNull(BuiltinClassLoader.java:681)
	at java.base/jdk.internal.loader.BuiltinClassLoader.loadClass(BuiltinClassLoader.java:639)
	at java.base/jdk.internal.loader.ClassLoaders$AppClassLoader.loadClass(ClassLoaders.java:188)
	at java.base/java.lang.ClassLoader.loadClass(ClassLoader.java:520)
	at org.eclipse.jetty.server.session.SessionHandler.<clinit>(SessionHandler.java:136)
	at org.eclipse.jetty.servlet.ServletContextHandler.newSessionHandler(ServletContextHandler.java:339)
	at org.eclipse.jetty.servlet.ServletContextHandler.getSessionHandler(ServletContextHandler.java:432)
	at org.eclipse.jetty.servlet.ServletContextHandler.relinkHandlers(ServletContextHandler.java:257)
	at org.eclipse.jetty.servlet.ServletContextHandler.<init>(ServletContextHandler.java:180)
	at org.eclipse.jetty.webapp.WebAppContext.<init>(WebAppContext.java:301)
	at org.eclipse.jetty.webapp.WebAppContext.<init>(WebAppContext.java:228)
	at org.springframework.boot.web.embedded.jetty.JettyEmbeddedWebAppContext.<init>(JettyEmbeddedWebAppContext.java:28)
	at org.springframework.boot.web.embedded.jetty.JettyServletWebServerFactory.getWebServer(JettyServletWebServerFactory.java:158)
	at org.springframework.boot.web.servlet.context.ServletWebServerApplicationContext.createWebServer(ServletWebServerApplicationContext.java:183)
	at org.springframework.boot.web.servlet.context.ServletWebServerApplicationContext.onRefresh(ServletWebServerApplicationContext.java:161)
	... 8 common frames omitted
Caused by: java.lang.ClassNotFoundException: jakarta.servlet.http.HttpSessionContext
	at java.base/jdk.internal.loader.BuiltinClassLoader.loadClass(BuiltinClassLoader.java:641)
	at java.base/jdk.internal.loader.ClassLoaders$AppClassLoader.loadClass(ClassLoaders.java:188)
	at java.base/java.lang.ClassLoader.loadClass(ClassLoader.java:520)
	... 28 common frames omitted
17:39:04.071 logback [main] INFO  com.example.demo.DemoApplication - Starting DemoApplication using Java 17.0.5 with PID 13928 (D:\個人資料\MyNotes\JavaCode\spring-boot-demo\target\classes started by ChiaMing in D:\個人資料\MyNotes\JavaCode\spring-boot-demo)
17:39:04.073 logback [main] INFO  com.example.demo.DemoApplication - The following 1 profile is active: "dev"
17:39:04.605 logback [main] WARN  o.s.b.w.s.c.AnnotationConfigServletWebServerApplicationContext - Exception encountered during context initialization - cancelling refresh attempt: org.springframework.context.ApplicationContextException: Unable to start web server
17:39:04.612 logback [main] INFO  o.s.b.a.l.ConditionEvaluationReportLogger - 

Error starting ApplicationContext. To display the condition evaluation report re-run your application with 'debug' enabled.
17:39:04.624 logback [main] ERROR o.s.boot.SpringApplication - Application run failed
org.springframework.context.ApplicationContextException: Unable to start web server
	at org.springframework.boot.web.servlet.context.ServletWebServerApplicationContext.onRefresh(ServletWebServerApplicationContext.java:164)
	at org.springframework.context.support.AbstractApplicationContext.refresh(AbstractApplicationContext.java:578)
	at org.springframework.boot.web.servlet.context.ServletWebServerApplicationContext.refresh(ServletWebServerApplicationContext.java:146)
	at org.springframework.boot.SpringApplication.refresh(SpringApplication.java:730)
	at org.springframework.boot.SpringApplication.refreshContext(SpringApplication.java:432)
	at org.springframework.boot.SpringApplication.run(SpringApplication.java:308)
	at org.springframework.boot.SpringApplication.run(SpringApplication.java:1302)
	at org.springframework.boot.SpringApplication.run(SpringApplication.java:1291)
	at com.example.demo.DemoApplication.main(DemoApplication.java:16)
Caused by: java.lang.NoClassDefFoundError: jakarta/servlet/http/HttpSessionContext
	at java.base/java.lang.ClassLoader.defineClass1(Native Method)
	at java.base/java.lang.ClassLoader.defineClass(ClassLoader.java:1012)
	at java.base/java.security.SecureClassLoader.defineClass(SecureClassLoader.java:150)
	at java.base/jdk.internal.loader.BuiltinClassLoader.defineClass(BuiltinClassLoader.java:862)
	at java.base/jdk.internal.loader.BuiltinClassLoader.findClassOnClassPathOrNull(BuiltinClassLoader.java:760)
	at java.base/jdk.internal.loader.BuiltinClassLoader.loadClassOrNull(BuiltinClassLoader.java:681)
	at java.base/jdk.internal.loader.BuiltinClassLoader.loadClass(BuiltinClassLoader.java:639)
	at java.base/jdk.internal.loader.ClassLoaders$AppClassLoader.loadClass(ClassLoaders.java:188)
	at java.base/java.lang.ClassLoader.loadClass(ClassLoader.java:520)
	at org.eclipse.jetty.server.session.SessionHandler.<clinit>(SessionHandler.java:136)
	at org.eclipse.jetty.servlet.ServletContextHandler.newSessionHandler(ServletContextHandler.java:339)
	at org.eclipse.jetty.servlet.ServletContextHandler.getSessionHandler(ServletContextHandler.java:432)
	at org.eclipse.jetty.servlet.ServletContextHandler.relinkHandlers(ServletContextHandler.java:257)
	at org.eclipse.jetty.servlet.ServletContextHandler.<init>(ServletContextHandler.java:180)
	at org.eclipse.jetty.webapp.WebAppContext.<init>(WebAppContext.java:301)
	at org.eclipse.jetty.webapp.WebAppContext.<init>(WebAppContext.java:228)
	at org.springframework.boot.web.embedded.jetty.JettyEmbeddedWebAppContext.<init>(JettyEmbeddedWebAppContext.java:28)
	at org.springframework.boot.web.embedded.jetty.JettyServletWebServerFactory.getWebServer(JettyServletWebServerFactory.java:158)
	at org.springframework.boot.web.servlet.context.ServletWebServerApplicationContext.createWebServer(ServletWebServerApplicationContext.java:183)
	at org.springframework.boot.web.servlet.context.ServletWebServerApplicationContext.onRefresh(ServletWebServerApplicationContext.java:161)
	... 8 common frames omitted
Caused by: java.lang.ClassNotFoundException: jakarta.servlet.http.HttpSessionContext
	at java.base/jdk.internal.loader.BuiltinClassLoader.loadClass(BuiltinClassLoader.java:641)
	at java.base/jdk.internal.loader.ClassLoaders$AppClassLoader.loadClass(ClassLoaders.java:188)
	at java.base/java.lang.ClassLoader.loadClass(ClassLoader.java:520)
	... 28 common frames omitted
17:39:26.310 logback [main] INFO  com.example.demo.DemoApplication - Starting DemoApplication using Java 17.0.5 with PID 16404 (D:\個人資料\MyNotes\JavaCode\spring-boot-demo\target\classes started by ChiaMing in D:\個人資料\MyNotes\JavaCode\spring-boot-demo)
17:39:26.316 logback [main] INFO  com.example.demo.DemoApplication - The following 1 profile is active: "dev"
17:39:26.857 logback [main] WARN  o.s.b.w.s.c.AnnotationConfigServletWebServerApplicationContext - Exception encountered during context initialization - cancelling refresh attempt: org.springframework.context.ApplicationContextException: Unable to start web server
17:39:26.863 logback [main] INFO  o.s.b.a.l.ConditionEvaluationReportLogger - 

Error starting ApplicationContext. To display the condition evaluation report re-run your application with 'debug' enabled.
17:39:26.875 logback [main] ERROR o.s.boot.SpringApplication - Application run failed
org.springframework.context.ApplicationContextException: Unable to start web server
	at org.springframework.boot.web.servlet.context.ServletWebServerApplicationContext.onRefresh(ServletWebServerApplicationContext.java:164)
	at org.springframework.context.support.AbstractApplicationContext.refresh(AbstractApplicationContext.java:578)
	at org.springframework.boot.web.servlet.context.ServletWebServerApplicationContext.refresh(ServletWebServerApplicationContext.java:146)
	at org.springframework.boot.SpringApplication.refresh(SpringApplication.java:730)
	at org.springframework.boot.SpringApplication.refreshContext(SpringApplication.java:432)
	at org.springframework.boot.SpringApplication.run(SpringApplication.java:308)
	at org.springframework.boot.SpringApplication.run(SpringApplication.java:1302)
	at org.springframework.boot.SpringApplication.run(SpringApplication.java:1291)
	at com.example.demo.DemoApplication.main(DemoApplication.java:16)
Caused by: java.lang.NoClassDefFoundError: jakarta/servlet/http/HttpSessionContext
	at java.base/java.lang.ClassLoader.defineClass1(Native Method)
	at java.base/java.lang.ClassLoader.defineClass(ClassLoader.java:1012)
	at java.base/java.security.SecureClassLoader.defineClass(SecureClassLoader.java:150)
	at java.base/jdk.internal.loader.BuiltinClassLoader.defineClass(BuiltinClassLoader.java:862)
	at java.base/jdk.internal.loader.BuiltinClassLoader.findClassOnClassPathOrNull(BuiltinClassLoader.java:760)
	at java.base/jdk.internal.loader.BuiltinClassLoader.loadClassOrNull(BuiltinClassLoader.java:681)
	at java.base/jdk.internal.loader.BuiltinClassLoader.loadClass(BuiltinClassLoader.java:639)
	at java.base/jdk.internal.loader.ClassLoaders$AppClassLoader.loadClass(ClassLoaders.java:188)
	at java.base/java.lang.ClassLoader.loadClass(ClassLoader.java:520)
	at org.eclipse.jetty.server.session.SessionHandler.<clinit>(SessionHandler.java:136)
	at org.eclipse.jetty.servlet.ServletContextHandler.newSessionHandler(ServletContextHandler.java:339)
	at org.eclipse.jetty.servlet.ServletContextHandler.getSessionHandler(ServletContextHandler.java:432)
	at org.eclipse.jetty.servlet.ServletContextHandler.relinkHandlers(ServletContextHandler.java:257)
	at org.eclipse.jetty.servlet.ServletContextHandler.<init>(ServletContextHandler.java:180)
	at org.eclipse.jetty.webapp.WebAppContext.<init>(WebAppContext.java:301)
	at org.eclipse.jetty.webapp.WebAppContext.<init>(WebAppContext.java:228)
	at org.springframework.boot.web.embedded.jetty.JettyEmbeddedWebAppContext.<init>(JettyEmbeddedWebAppContext.java:28)
	at org.springframework.boot.web.embedded.jetty.JettyServletWebServerFactory.getWebServer(JettyServletWebServerFactory.java:158)
	at org.springframework.boot.web.servlet.context.ServletWebServerApplicationContext.createWebServer(ServletWebServerApplicationContext.java:183)
	at org.springframework.boot.web.servlet.context.ServletWebServerApplicationContext.onRefresh(ServletWebServerApplicationContext.java:161)
	... 8 common frames omitted
Caused by: java.lang.ClassNotFoundException: jakarta.servlet.http.HttpSessionContext
	at java.base/jdk.internal.loader.BuiltinClassLoader.loadClass(BuiltinClassLoader.java:641)
	at java.base/jdk.internal.loader.ClassLoaders$AppClassLoader.loadClass(ClassLoaders.java:188)
	at java.base/java.lang.ClassLoader.loadClass(ClassLoader.java:520)
	... 28 common frames omitted
17:39:35.122 logback [main] INFO  com.example.demo.DemoApplication - Starting DemoApplication using Java 17.0.5 with PID 2440 (D:\個人資料\MyNotes\JavaCode\spring-boot-demo\target\classes started by ChiaMing in D:\個人資料\MyNotes\JavaCode\spring-boot-demo)
17:39:35.123 logback [main] INFO  com.example.demo.DemoApplication - The following 1 profile is active: "dev"
17:39:35.626 logback [main] WARN  io.undertow.websockets.jsr - UT026010: Buffer pool was not set on WebSocketDeploymentInfo, the default pool will be used
17:39:35.638 logback [main] INFO  io.undertow.servlet - Initializing Spring embedded WebApplicationContext
17:39:35.639 logback [main] INFO  o.s.b.w.s.c.ServletWebServerApplicationContext - Root WebApplicationContext: initialization completed in 481 ms
17:39:35.874 logback [main] INFO  io.undertow - starting server: Undertow - 2.3.2.Final
17:39:35.878 logback [main] INFO  org.xnio - XNIO version 3.8.8.Final
17:39:35.882 logback [main] INFO  org.xnio.nio - XNIO NIO Implementation Version 3.8.8.Final
17:39:35.917 logback [main] INFO  org.jboss.threads - JBoss Threads version 3.5.0.Final
17:39:35.946 logback [main] INFO  o.s.b.w.e.undertow.UndertowWebServer - Undertow started on port(s) 8888 (http)
17:39:35.952 logback [main] INFO  com.example.demo.DemoApplication - Started DemoApplication in 1.234 seconds (process running for 1.664)
17:40:06.871 logback [SpringApplicationShutdownHook] INFO  io.undertow - stopping server: Undertow - 2.3.2.Final
17:40:11.305 logback [main] INFO  com.example.demo.DemoApplication - Starting DemoApplication using Java 17.0.5 with PID 1528 (D:\個人資料\MyNotes\JavaCode\spring-boot-demo\target\classes started by ChiaMing in D:\個人資料\MyNotes\JavaCode\spring-boot-demo)
17:40:11.306 logback [main] INFO  com.example.demo.DemoApplication - The following 1 profile is active: "dev"
17:40:11.866 logback [main] INFO  o.s.b.w.e.tomcat.TomcatWebServer - Tomcat initialized with port(s): 8888 (http)
17:40:11.871 logback [main] INFO  o.a.coyote.http11.Http11NioProtocol - Initializing ProtocolHandler ["http-nio-8888"]
17:40:11.872 logback [main] INFO  o.a.catalina.core.StandardService - Starting service [Tomcat]
17:40:11.872 logback [main] INFO  o.a.catalina.core.StandardEngine - Starting Servlet engine: [Apache Tomcat/10.1.4]
17:40:11.934 logback [main] INFO  o.a.c.c.C.[Tomcat].[localhost].[/] - Initializing Spring embedded WebApplicationContext
17:40:11.934 logback [main] INFO  o.s.b.w.s.c.ServletWebServerApplicationContext - Root WebApplicationContext: initialization completed in 594 ms
17:40:12.150 logback [main] INFO  o.a.coyote.http11.Http11NioProtocol - Starting ProtocolHandler ["http-nio-8888"]
17:40:12.163 logback [main] INFO  o.s.b.w.e.tomcat.TomcatWebServer - Tomcat started on port(s): 8888 (http) with context path ''
17:40:12.169 logback [main] INFO  com.example.demo.DemoApplication - Started DemoApplication in 1.219 seconds (process running for 1.653)
